"../../../Engine/Content/ArtTools/RenderToTexture/Enums/RenderToTexture_Enum.uasset" 0
"../../../Engine/Content/ArtTools/RenderToTexture/Enums/RenderToTexture_Flipbook_Enum.uasset" 1
"../../../Engine/Content/ArtTools/RenderToTexture/Enums/RenderToTexture_Imposter_Enum.uasset" 2
"../../../Engine/Content/EditorBlueprintResources/StandardMacros.uasset" 3
"../../../Engine/Content/ArtTools/RenderToTexture/Enums/EIntTypes.uasset" 4
"../../../Engine/Content/ArtTools/RenderToTexture/Macros/RenderToTextureFunctionLibrary.uasset" 5
"../../../Engine/Content/ArtTools/RenderToTexture/Enums/EFloatTypes.uasset" 6
"../../../Engine/Content/ArtTools/RenderToTexture/Macros/RenderToTextureMacros.uasset" 7
"../../../Engine/Content/Functions/Engine_MaterialFunctions01/Opacity/CameraDepthFade.uasset" 8
"../../../Engine/Content/EngineMaterials/T_Default_Material_Grid_M.uasset" 9
"../../../Engine/Content/EngineMaterials/T_Default_Material_Grid_N.uasset" 10
"../../../Engine/Content/EngineMaterials/WorldGridMaterial.uasset" 11
"../../../Engine/Content/ArtTools/RenderToTexture/Meshes/S_1_Unit_Plane.uasset" 12
"../../../Engine/Content/EngineMaterials/DefaultMaterial.uasset" 13
"../../../Engine/Content/BasicShapes/Cone.uasset" 14
"../../../Engine/Content/BasicShapes/Cube.uasset" 15
"../../../Engine/Content/BasicShapes/Cylinder.uasset" 16
"../../../Engine/Content/BasicShapes/Plane.uasset" 17
"../../../Engine/Content/EngineMaterials/DefaultPhysicalMaterial.uasset" 18
"../../../Engine/Content/BufferVisualization/AmbientOcclusion.uasset" 19
"../../../Engine/Content/BufferVisualization/BaseColor.uasset" 20
"../../../Engine/Content/BufferVisualization/CustomDepth.uasset" 21
"../../../Engine/Content/Functions/Engine_MaterialFunctions02/Utility/VectorLength.uasset" 22
"../../../Engine/Content/BufferVisualization/CustomDepthWorldUnits.uasset" 23
"../../../Engine/Content/Functions/Engine_MaterialFunctions02/Utility/BreakOutFloat2Components.uasset" 24
"../../../Engine/Content/Functions/Engine_MaterialFunctions01/Texturing/ScaleUVsByCenter.uasset" 25
"../../../Engine/Content/Functions/Engine_MaterialFunctions02/ScreenResolution.uasset" 26
"../../../Engine/Content/Functions/Engine_MaterialFunctions02/Texturing/ScreenAlignedUVs.uasset" 27
"../../../Engine/Content/Functions/Engine_MaterialFunctions02/Utility/MakeFloat2.uasset" 28
"../../../Engine/Content/Functions/Engine_MaterialFunctions02/Utility/MakeFloat3.uasset" 29
"../../../Engine/Content/EngineMaterials/MiniFont.uasset" 30
"../../../Engine/Content/BufferVisualization/CustomStencil.uasset" 31
"../../../Engine/Content/BufferVisualization/FinalImage.uasset" 32
"../../../Engine/Content/BufferVisualization/LightingModel.uasset" 33
"../../../Engine/Content/BufferVisualization/MaterialAO.uasset" 34
"../../../Engine/Content/BufferVisualization/Metallic.uasset" 35
"../../../Engine/Content/BufferVisualization/Opacity.uasset" 36
"../../../Engine/Content/BufferVisualization/PostTonemapHDRColor.uasset" 37
"../../../Engine/Content/BufferVisualization/PreTonemapHDRColor.uasset" 38
"../../../Engine/Content/BufferVisualization/Roughness.uasset" 39
"../../../Engine/Content/BufferVisualization/SceneColor.uasset" 40
"../../../Engine/Content/BufferVisualization/SceneDepth.uasset" 41
"../../../Engine/Content/BufferVisualization/SceneDepthWorldUnits.uasset" 42
"../../../Engine/Content/BufferVisualization/SeparateTranslucencyA.uasset" 43
"../../../Engine/Content/BufferVisualization/SeparateTranslucencyRGB.uasset" 44
"../../../Engine/Content/BufferVisualization/Specular.uasset" 45
"../../../Engine/Content/BufferVisualization/SubsurfaceColor.uasset" 46
"../../../Engine/Content/BufferVisualization/WorldNormal.uasset" 47
"../../../Engine/Content/EditorBlueprintResources/ActorMacros.uasset" 48
"../../../Engine/Content/EditorLandscapeResources/DataLayer.uasset" 49
"../../../Engine/Content/EditorLandscapeResources/DefaultAlphaTexture.uasset" 50
"../../../Engine/Content/EditorLandscapeResources/LandscapeGizmoHeight_Mat.uasset" 51
"../../../Engine/Content/EditorLandscapeResources/LandscapeGizmo_Mat.uasset" 52
"../../../Engine/Content/EditorLandscapeResources/LandscapeGizmo_Mat_Copied.uasset" 53
"../../../Engine/Content/EditorLandscapeResources/SplineEditorMeshMat.uasset" 54
"../../../Engine/Content/EditorLandscapeResources/SplineEditorMesh.uasset" 55
"../../../Engine/Content/EditorMaterials/Cross.uasset" 56
"../../../Engine/Content/EditorMaterials/Cross_Mat.uasset" 57
"../../../Engine/Content/EditorMaterials/GizmoMaterial.uasset" 58
"../../../Engine/Content/Functions/Engine_MaterialFunctions02/ExampleContent/Textures/flipbook.uasset" 59
"../../../Engine/Content/Functions/Engine_MaterialFunctions02/Texturing/FlipBook.uasset" 60
"../../../Engine/Content/Functions/Engine_MaterialFunctions02/Utility/Sign.uasset" 61
"../../../Engine/Content/Functions/Engine_MaterialFunctions02/Utility/Round.uasset" 62
"../../../Engine/Content/EditorResources/T_EditorHelp.uasset" 63
"../../../Engine/Content/EditorMaterials/HelpActorMaterial.uasset" 64
"../../../Engine/Content/EditorMaterials/CompositeARGBLayer.uasset" 65
"../../../Engine/Content/EditorMaterials/TilingAALineIntegral.uasset" 66
"../../../Engine/Content/EditorMaterials/TilingAALineBoxFiltered.uasset" 67
"../../../Engine/Content/Functions/Engine_MaterialFunctions03/Procedurals/ComputeFilterWidth.uasset" 68
"../../../Engine/Content/EditorMaterials/TilingAADots.uasset" 69
"../../../Engine/Content/EngineMaterials/BlendFunc_DefBase.uasset" 70
"../../../Engine/Content/EngineMaterials/BlendFunc_DefBlend.uasset" 71
"../../../Engine/Content/Functions/Engine_MaterialFunctions03/Blends/Blend_Screen.uasset" 72
"../../../Engine/Content/EditorMaterials/TilingAAGrid.uasset" 73
"../../../Engine/Content/EditorMaterials/LevelGridMaterial.uasset" 74
"../../../Engine/Content/EditorMaterials/MakeCompositeARGBLayer.uasset" 75
"../../../Engine/Content/EditorResources/LevelGrid1DStripes.uasset" 76
"../../../Engine/Content/EditorMaterials/TextureGridCascaded1D.uasset" 77
"../../../Engine/Content/EditorMaterials/TextureGridCascaded2D.uasset" 78
"../../../Engine/Content/EditorMaterials/LevelGridMaterial2.uasset" 79
"../../../Engine/Content/EditorMaterials/MAT_Groups_Toggle.uasset" 80
"../../../Engine/Content/EditorMaterials/MAT_Groups_Visibility.uasset" 81
"../../../Engine/Content/EditorMaterials/AntialiasedGridFloor.uasset" 82
"../../../Engine/Content/EditorResources/TilePatine_D.uasset" 83
"../../../Engine/Content/EditorResources/TilePatine_N.uasset" 84
"../../../Engine/Content/EngineMaterials/Grid.uasset" 85
"../../../Engine/Content/EditorMaterials/PersonaFloorMat.uasset" 86
"../../../Engine/Content/EditorMaterials/PhAT_BoneSelectedMaterial.uasset" 87
"../../../Engine/Content/EditorMaterials/PhAT_ElemSelectedMaterial.uasset" 88
"../../../Engine/Content/EditorMaterials/PhAT_NoCollisionMaterial.uasset" 89
"../../../Engine/Content/EditorMaterials/PhAT_UnselectedMaterial.uasset" 90
"../../../Engine/Content/EditorMaterials/PreviewShadowIndicator.uasset" 91
"../../../Engine/Content/EditorMaterials/PreviewShadowIndicatorMaterial.uasset" 92
"../../../Engine/Content/EditorMaterials/TargetIcon.uasset" 93
"../../../Engine/Content/EditorMaterials/Tick.uasset" 94
"../../../Engine/Content/EditorMaterials/Tick_Mat.uasset" 95
"../../../Engine/Content/EditorMaterials/WidgetGridVertexColorMaterial.uasset" 96
"../../../Engine/Content/EditorMaterials/WidgetGridVertexColorMaterial_Ma.uasset" 97
"../../../Engine/Content/EditorMaterials/WidgetMaterial.uasset" 98
"../../../Engine/Content/EditorMaterials/WidgetMaterial_Current.uasset" 99
"../../../Engine/Content/EditorMaterials/WidgetMaterial_X.uasset" 100
"../../../Engine/Content/EditorMaterials/WidgetMaterial_Y.uasset" 101
"../../../Engine/Content/EditorMaterials/WidgetMaterial_Z.uasset" 102
"../../../Engine/Content/EditorMaterials/WidgetVertexColorMaterial.uasset" 103
"../../../Engine/Content/EditorMaterials/MatineeGroups/MAT_ColorTrack.uasset" 104
"../../../Engine/Content/EditorMaterials/MatineeGroups/MAT_Groups_Anim.uasset" 105
"../../../Engine/Content/EditorMaterials/MatineeGroups/MAT_Groups_AudioMaster.uasset" 106
"../../../Engine/Content/EditorMaterials/MatineeGroups/MAT_Groups_Director.uasset" 107
"../../../Engine/Content/EditorMaterials/MatineeGroups/MAT_Groups_Event.uasset" 108
"../../../Engine/Content/EditorMaterials/MatineeGroups/MAT_Groups_Fade.uasset" 109
"../../../Engine/Content/EditorMaterials/MatineeGroups/MAT_Groups_Float.uasset" 110
"../../../Engine/Content/EditorMaterials/MatineeGroups/MAT_Groups_Move.uasset" 111
"../../../Engine/Content/EditorMaterials/MatineeGroups/MAT_Groups_Slomo.uasset" 112
"../../../Engine/Content/EditorMaterials/MatineeGroups/MAT_Groups_Sound.uasset" 113
"../../../Engine/Content/EditorMaterials/MatineeGroups/MAT_Groups_Vector.uasset" 114
"../../../Engine/Content/EditorMaterials/ParticleSystems/PSysThumbnail_NoImage.uasset" 115
"../../../Engine/Content/EditorMaterials/ParticleSystems/PSysThumbnail_OOD.uasset" 116
"../../../Engine/Content/EditorMaterials/Thumbnails/FloorPlaneMaterial.uasset" 117
"../../../Engine/Content/EditorMeshes/EditorCube.uasset" 118
"../../../Engine/Content/EditorMeshes/EditorCylinder.uasset" 119
"../../../Engine/Content/EditorMeshes/EditorPlane.uasset" 120
"../../../Engine/Content/EditorMaterials/Thumbnails/SkySphereMaterial.uasset" 121
"../../../Engine/Content/EditorMeshes/EditorSkySphere.uasset" 122
"../../../Engine/Content/EditorMeshes/EditorSphere.uasset" 123
"../../../Engine/Content/EditorResources/MatineeCam_D.uasset" 124
"../../../Engine/Content/EditorMaterials/MatineeCam_mat.uasset" 125
"../../../Engine/Content/EditorMeshes/MatineeCam_SM.uasset" 126
"../../../Engine/Content/Functions/Engine_MaterialFunctions01/Shading/ConvertFromDiffSpec.uasset" 127
"../../../Engine/Content/EditorMaterials/GridMaterial.uasset" 128
"../../../Engine/Content/EditorMeshes/PhAT_FloorBox.uasset" 129
"../../../Engine/Content/EditorMaterials/Camera/CineMat.uasset" 130
"../../../Engine/Content/EditorMaterials/Camera/MI_CineMat_CameraBody.uasset" 131
"../../../Engine/Content/EngineDebugMaterials/M_SimpleOpaque.uasset" 132
"../../../Engine/Content/EditorMaterials/Camera/MI_CineMat_CamViewFinder.uasset" 133
"../../../Engine/Content/EditorMeshes/Camera/SM_CineCam.uasset" 134
"../../../Engine/Content/EditorMaterials/Camera/MI_CineMat_Rig.uasset" 135
"../../../Engine/Content/EditorMeshes/Camera/SM_CraneRig_Arm.uasset" 136
"../../../Engine/Content/EditorMeshes/Camera/SM_CraneRig_Base.uasset" 137
"../../../Engine/Content/EditorMeshes/Camera/SM_CraneRig_Body.uasset" 138
"../../../Engine/Content/EditorMeshes/Camera/SM_CraneRig_Mount.uasset" 139
"../../../Engine/Content/EditorMeshes/Camera/SM_RailRig_Mount.uasset" 140
"../../../Engine/Content/EditorMeshes/Camera/SM_RailRig_Track.uasset" 141
"../../../Engine/Content/EditorResources/Bad.uasset" 142
"../../../Engine/Content/EditorResources/BSPVertex.uasset" 143
"../../../Engine/Content/EditorResources/EmptyActor.uasset" 144
"../../../Engine/Content/EditorResources/MatInstActSprite.uasset" 145
"../../../Engine/Content/EditorResources/SceneManager.uasset" 146
"../../../Engine/Content/EditorResources/SmallFont.uasset" 147
"../../../Engine/Content/EditorResources/S_Actor.uasset" 148
"../../../Engine/Content/EditorResources/S_DecalActorIcon.uasset" 149
"../../../Engine/Content/EditorResources/S_Emitter.uasset" 150
"../../../Engine/Content/EditorResources/S_ExpoHeightFog.uasset" 151
"../../../Engine/Content/EditorResources/S_FTest.uasset" 152
"../../../Engine/Content/EditorResources/S_KBSJoint.uasset" 153
"../../../Engine/Content/EditorResources/S_KHinge.uasset" 154
"../../../Engine/Content/EditorResources/S_KPrismatic.uasset" 155
"../../../Engine/Content/EditorResources/S_LevelSequence.uasset" 156
"../../../Engine/Content/EditorResources/S_NavP.uasset" 157
"../../../Engine/Content/EditorResources/S_Note.uasset" 158
"../../../Engine/Content/EditorResources/S_Player.uasset" 159
"../../../Engine/Content/EditorResources/S_PortalActorIcon2.uasset" 160
"../../../Engine/Content/EditorResources/S_RadForce.uasset" 161
"../../../Engine/Content/EditorResources/S_ReflActorIcon.uasset" 162
"../../../Engine/Content/EditorResources/S_Terrain.uasset" 163
"../../../Engine/Content/EditorResources/S_TextRenderActorIcon.uasset" 164
"../../../Engine/Content/EditorResources/S_Thruster.uasset" 165
"../../../Engine/Content/EditorResources/S_Trigger.uasset" 166
"../../../Engine/Content/EditorResources/S_VectorFieldVol.uasset" 167
"../../../Engine/Content/EditorResources/S_WindDirectional.uasset" 168
"../../../Engine/Content/EditorResources/AI/S_NavLink.uasset" 169
"../../../Engine/Content/EditorResources/LightIcons/SkyLight.uasset" 170
"../../../Engine/Content/EditorResources/LightIcons/S_LightDirectional.uasset" 171
"../../../Engine/Content/EditorResources/LightIcons/S_LightDirectionalMove.uasset" 172
"../../../Engine/Content/EditorResources/LightIcons/S_LightError.uasset" 173
"../../../Engine/Content/EditorResources/LightIcons/S_LightPoint.uasset" 174
"../../../Engine/Content/EditorResources/LightIcons/S_LightPointMove.uasset" 175
"../../../Engine/Content/EditorResources/LightIcons/S_LightSpot.uasset" 176
"../../../Engine/Content/EditorResources/LightIcons/S_LightSpotMove.uasset" 177
"../../../Engine/Content/EditorResources/SequenceRecorder/Countdown.uasset" 178
"../../../Engine/Content/EditorResources/SequenceRecorder/RecordingIndicator.uasset" 179
"../../../Engine/Content/EditorResources/Spline/T_Loft_Spline.uasset" 180
"../../../Engine/Content/EditorSounds/Notifications/CompileFailed.uasset" 181
"../../../Engine/Content/EditorSounds/Notifications/CompileFailed_Cue.uasset" 182
"../../../Engine/Content/EditorSounds/Notifications/CompileSuccess.uasset" 183
"../../../Engine/Content/EditorSounds/Notifications/CompileStart_Cue.uasset" 184
"../../../Engine/Content/EditorSounds/Notifications/CompileSuccess_Cue.uasset" 185
"../../../Engine/Content/EngineDamageTypes/DmgTypeBP_Environmental.uasset" 186
"../../../Engine/Content/EngineDebugMaterials/HeatmapGradient.uasset" 187
"../../../Engine/Content/EngineDebugMaterials/BoneWeightMaterial.uasset" 188
"../../../Engine/Content/EngineDebugMaterials/ClothMaterial.uasset" 189
"../../../Engine/Content/EngineDebugMaterials/ClothMaterial_WF.uasset" 190
"../../../Engine/Content/EngineDebugMaterials/DebugEditorMaterial.uasset" 191
"../../../Engine/Content/EngineDebugMaterials/DebugMeshMaterial.uasset" 192
"../../../Engine/Content/EngineDebugMaterials/GeomMaterial.uasset" 193
"../../../Engine/Content/EngineDebugMaterials/LevelColorationLitMaterial.uasset" 194
"../../../Engine/Content/EngineDebugMaterials/LevelColorationUnlitMaterial.uasset" 195
"../../../Engine/Content/EngineMaterials/DefaultWhiteGrid.uasset" 196
"../../../Engine/Content/EngineDebugMaterials/MAT_LevelColorationLitLightmapUV.uasset" 197
"../../../Engine/Content/EngineDebugMaterials/M_SimpleTranslucent.uasset" 198
"../../../Engine/Content/EngineDebugMaterials/ShadedLevelColorationLitMaterial.uasset" 199
"../../../Engine/Content/EngineDebugMaterials/ShadedLevelColorationUnlitMateri.uasset" 200
"../../../Engine/Content/EngineDebugMaterials/VertexColorMaterial.uasset" 201
"../../../Engine/Content/EngineDebugMaterials/VertexColorViewMode_AlphaAsColor.uasset" 202
"../../../Engine/Content/EngineDebugMaterials/VertexColorViewMode_BlueOnly.uasset" 203
"../../../Engine/Content/EngineDebugMaterials/VertexColorViewMode_ColorOnly.uasset" 204
"../../../Engine/Content/EngineDebugMaterials/VertexColorViewMode_GreenOnly.uasset" 205
"../../../Engine/Content/EngineDebugMaterials/VertexColorViewMode_RedOnly.uasset" 206
"../../../Engine/Content/EngineDebugMaterials/WireframeMaterial.uasset" 207
"../../../Engine/Content/EngineFonts/Faces/RobotoBold.uasset" 208
"../../../Engine/Content/EngineFonts/Faces/RobotoBoldItalic.uasset" 209
"../../../Engine/Content/EngineFonts/Faces/RobotoItalic.uasset" 210
"../../../Engine/Content/EngineFonts/Faces/RobotoLight.uasset" 211
"../../../Engine/Content/EngineFonts/Faces/RobotoRegular.uasset" 212
"../../../Engine/Content/EngineFonts/Roboto.uasset" 213
"../../../Engine/Content/EngineFonts/Faces/RobotoTiny.uasset" 214
"../../../Engine/Content/EngineFonts/RobotoTiny.uasset" 215
"../../../Engine/Content/EngineFonts/SmallFont.uasset" 216
"../../../Engine/Content/EngineFonts/TinyFont.uasset" 217
"../../../Engine/Content/EngineMaterials/BaseFlattenDiffuseMap.uasset" 218
"../../../Engine/Content/EngineMaterials/BaseFlattenEmissiveMap.uasset" 219
"../../../Engine/Content/EngineMaterials/BaseFlattenGrayscaleMap.uasset" 220
"../../../Engine/Content/EngineMaterials/BaseFlattenNormalMap.uasset" 221
"../../../Engine/Content/EngineMaterials/BaseFlattenMaterial.uasset" 222
"../../../Engine/Content/EngineResources/WhiteSquareTexture.uasset" 223
"../../../Engine/Content/EngineMaterials/BlinkingCaret.uasset" 224
"../../../Engine/Content/EngineMaterials/DefaultBloomKernel.uasset" 225
"../../../Engine/Content/EngineMaterials/DefaultBokeh.uasset" 226
"../../../Engine/Content/EngineMaterials/DefaultDiffuse.uasset" 227
"../../../Engine/Content/EngineMaterials/DefaultDeferredDecalMaterial.uasset" 228
"../../../Engine/Content/EngineMaterials/DefaultLightFunctionMaterial.uasset" 229
"../../../Engine/Content/EngineMaterials/DefaultNormal.uasset" 230
"../../../Engine/Content/EngineMaterials/DefaultPostProcessMaterial.uasset" 231
"../../../Engine/Content/EngineFonts/RobotoDistanceField.uasset" 232
"../../../Engine/Content/EngineMaterials/DefaultTextMaterialOpaque.uasset" 233
"../../../Engine/Content/EngineMaterials/EditorBrushMaterial.uasset" 234
"../../../Engine/Content/EngineMaterials/Good64x64TilingNoiseHighFreq.uasset" 235
"../../../Engine/Content/EngineMaterials/Grid_N.uasset" 236
"../../../Engine/Content/EngineMaterials/HighResolutionScreenshotMaskFunction.uasset" 237
"../../../Engine/Content/EngineMaterials/HighResScreenshot.uasset" 238
"../../../Engine/Content/EngineMaterials/HighResScreenshotCaptureRegion.uasset" 239
"../../../Engine/Content/EngineMaterials/HighResScreenshotMask.uasset" 240
"../../../Engine/Content/EngineMaterials/LandscapeHolePhysicalMaterial.uasset" 241
"../../../Engine/Content/EngineMaterials/InvalidLightmapSettings.uasset" 242
"../../../Engine/Content/EngineMaterials/M_InvalidLightmapSettings.uasset" 243
"../../../Engine/Content/EngineMaterials/PaperDiffuse.uasset" 244
"../../../Engine/Content/EngineMaterials/PaperNormal.uasset" 245
"../../../Engine/Content/Functions/Engine_MaterialFunctions02/WorldPositionOffset/CameraOffset.uasset" 246
"../../../Engine/Content/EngineMaterials/PhAT_JointLimitMaterial.uasset" 247
"../../../Engine/Content/EngineMaterials/PhysMat_Rubber.uasset" 248
"../../../Engine/Content/EngineMaterials/PreintegratedSkinBRDF.uasset" 249
"../../../Engine/Content/EngineMaterials/RemoveSurfaceMaterial.uasset" 250
"../../../Engine/Content/EngineMaterials/WeightMapPlaceholderTexture.uasset" 251
"../../../Engine/Content/EngineMaterials/Widget3DPassThrough.uasset" 252
"../../../Engine/Content/EngineMaterials/Widget3DPassThrough_Masked.uasset" 253
"../../../Engine/Content/EngineMaterials/Widget3DPassThrough_Opaque.uasset" 254
"../../../Engine/Content/EngineMaterials/Widget3DPassThrough_Masked_OneSided.uasset" 255
"../../../Engine/Content/EngineMaterials/Widget3DPassThrough_Opaque_OneSided.uasset" 256
"../../../Engine/Content/EngineMaterials/Widget3DPassThrough_Translucent.uasset" 257
"../../../Engine/Content/EngineMaterials/Widget3DPassThrough_Translucent_OneSided.uasset" 258
"../../../Engine/Content/EngineMeshes/Cylinder.uasset" 259
"../../../Engine/Content/EngineMeshes/Sphere.uasset" 260
"../../../Engine/Content/EngineResources/Black.uasset" 261
"../../../Engine/Content/EngineResources/DefaultTexture.uasset" 262
"../../../Engine/Content/EngineResources/DefaultTextureCube.uasset" 263
"../../../Engine/Content/EngineResources/DefaultVolumeTexture2D.uasset" 264
"../../../Engine/Content/EngineResources/DefaultVolumeTexture.uasset" 265
"../../../Engine/Content/EngineResources/GradientTexture0.uasset" 266
"../../../Engine/Content/EngineResources/StreamingPauseIcon.uasset" 267
"../../../Engine/Content/EngineResources/M_StreamingPause.uasset" 268
"../../../Engine/Content/EngineSounds/Master.uasset" 269
"../../../Engine/Content/Functions/Engine_MaterialFunctions01/Shading/PowerToRoughness.uasset" 270
"../../../Engine/Content/Maps/Templates/Thumbnails/Default.uasset" 271
"../../../Engine/Content/Maps/Templates/Thumbnails/VR-Basic.uasset" 272
"../../../Engine/Content/MapTemplates/Sky/DaylightAmbientCubemap.uasset" 273
"../../../Engine/Content/MobileResources/T_MobileControls_texture.uasset" 274
"../../../Engine/Content/MobileResources/T_MobileMenu2.uasset" 275
"../../../Engine/Content/MobileResources/HUD/AnalogHat.uasset" 276
"../../../Engine/Content/MobileResources/HUD/VirtualJoystick_Background.uasset" 277
"../../../Engine/Content/MobileResources/HUD/VirtualJoystick_Thumb.uasset" 278
"../../../Engine/Content/MobileResources/HUD/DefaultVirtualJoysticks.uasset" 279
"../../../Engine/Content/MobileResources/HUD/LeftVirtualJoystickOnly.uasset" 280
"../../../Engine/Content/MobileResources/HUD/MobileHUDButton1_off.uasset" 281
"../../../Engine/Content/MobileResources/HUD/MobileHUDButton1_on.uasset" 282
"../../../Engine/Content/MobileResources/HUD/MobileHUDButton2_off.uasset" 283
"../../../Engine/Content/MobileResources/HUD/MobileHUDButton2_on.uasset" 284
"../../../Engine/Content/MobileResources/HUD/MobileHUDButton3.uasset" 285
"../../../Engine/Content/MobileResources/HUD/MobileHUDButtonFire.uasset" 286
"../../../Engine/Content/MobileResources/HUD/MobileHUDDirectionPad.uasset" 287
"../../../Engine/Content/MobileResources/HUD/MobileHUDDirectionPad2.uasset" 288
"../../../Engine/Content/MobileResources/HUD/MobileHUDDirectionPad3.uasset" 289
"../../../Engine/Content/MobileResources/HUD/MobileHUDDirectionStick.uasset" 290
"../../../Engine/Content/MobileResources/HUD/T_Castle_ThumbstickInner.uasset" 291
"../../../Engine/Content/MobileResources/HUD/T_Castle_ThumbstickOutter.uasset" 292
"../../../Engine/Content/Tutorial/ContentIntroCurve.uasset" 293
"../../../Engine/Content/Tutorial/Basics/TutorialAssets/icon_tab_Levels_40x.uasset" 294
"../../../Engine/Content/Tutorial/BlueprintTutorials/TutorialAssets/Blueprint_64x.uasset" 295
"../../../Engine/Content/VREditor/LaserPointer/VR_LaserPower_01.uasset" 296
"../../../Engine/Content/VREditor/TransformGizmo/TransformGizmoMaterial.uasset" 297
"../../../Engine/Content/VREditor/TransformGizmo/TranslucentTransformGizmoMaterial.uasset" 298
"../../../Engine/Content/VREditor/TransformGizmo/BoundingBoxCorner.uasset" 299
"../../../Engine/Content/VREditor/TransformGizmo/BoundingBoxEdge.uasset" 300
"../../../Engine/Content/VREditor/TransformGizmo/PlaneTranslationHandle.uasset" 301
"../../../Engine/Content/VREditor/TransformGizmo/Main.uasset" 302
"../../../Engine/Content/VREditor/TransformGizmo/Xray.uasset" 303
"../../../Engine/Content/VREditor/TransformGizmo/SM_Sequencer_Key.uasset" 304
"../../../Engine/Content/VREditor/TransformGizmo/SM_Sequencer_Node.uasset" 305
"../../../Engine/Content/EngineMeshes/Humanoid.uasset" 306
"../../../../../../Users/Meitar/Documents/Unreal Projects/VRFinalProject/VR_Final_Project_v1/Content/PolygonHeist/Meshes/Characters/SK_Character_Heist_Skeleton.uasset" 307
"../../../../../../Users/Meitar/Documents/Unreal Projects/VRFinalProject/VR_Final_Project_v1/Content/PolygonHeist/Meshes/Characters/Animations/polyHeist_ThirdPerson_Jump.uasset" 308
"../../../../../../Users/Meitar/Documents/Unreal Projects/VRFinalProject/VR_Final_Project_v1/Content/PolygonHeist/Meshes/Characters/Animations/polyHeist_ThirdPersonJump_Loop.uasset" 309
"../../../../../../Users/Meitar/Documents/Unreal Projects/VRFinalProject/VR_Final_Project_v1/Content/PolygonHeist/Meshes/Characters/Animations/polyHeist_ThirdPersonJump_Start.uasset" 310
"../../../../../../Users/Meitar/Documents/Unreal Projects/VRFinalProject/VR_Final_Project_v1/Content/PolygonHeist/Meshes/Characters/Animations/polyHeist_ThirdPersonIdle.uasset" 311
"../../../../../../Users/Meitar/Documents/Unreal Projects/VRFinalProject/VR_Final_Project_v1/Content/PolygonHeist/Meshes/Characters/Animations/polyHeist_ThirdPersonRun.uasset" 312
"../../../../../../Users/Meitar/Documents/Unreal Projects/VRFinalProject/VR_Final_Project_v1/Content/PolygonHeist/Meshes/Characters/Animations/polyHeist_ThirdPersonWalk.uasset" 313
"../../../../../../Users/Meitar/Documents/Unreal Projects/VRFinalProject/VR_Final_Project_v1/Content/PolygonHeist/Meshes/Characters/Animations/polyHeist_ThirdPerson_IdleRun_2D.uasset" 314
"../../../../../../Users/Meitar/Documents/Unreal Projects/VRFinalProject/VR_Final_Project_v1/Content/PolygonHeist/Meshes/Characters/Animations/polyHeist_ThirdPerson_AnimBP.uasset" 315
"../../../../../../Users/Meitar/Documents/Unreal Projects/VRFinalProject/VR_Final_Project_v1/Content/PolygonSamurai/Characters/SK_Character_Samurai_Geisha_01_Skeleton.uasset" 316
"../../../../../../Users/Meitar/Documents/Unreal Projects/VRFinalProject/VR_Final_Project_v1/Content/PolygonSamurai/Characters/Animations/Poly_ThirdPersonRun.uasset" 317
"../../../../../../Users/Meitar/Documents/Unreal Projects/VRFinalProject/VR_Final_Project_v1/Content/PolygonHeist/Meshes/Characters/Animations/Poly_Heist_Crouched_Walking_Anim.uasset" 318
"../../../../../../Users/Meitar/Documents/Unreal Projects/VRFinalProject/VR_Final_Project_v1/Content/PolygonHeist/Textures/T_PolygonHeist_01_A.uasset" 319
"../../../../../../Users/Meitar/Documents/Unreal Projects/VRFinalProject/VR_Final_Project_v1/Content/PolygonHeist/Materials/Mat_PolygonHeist_01_A.uasset" 320
"../../../../../../Users/Meitar/Documents/Unreal Projects/VRFinalProject/VR_Final_Project_v1/Content/PolygonHeist/Meshes/Characters/SK_Character_Male_Overall_01_Duffle_PhysicsAsset.uasset" 321
"../../../../../../Users/Meitar/Documents/Unreal Projects/VRFinalProject/VR_Final_Project_v1/Content/PolygonHeist/Meshes/Characters/SK_Character_Male_Overall_01_Duffle.uasset" 322
"../../../../../../Users/Meitar/Documents/Unreal Projects/VRFinalProject/VR_Final_Project_v1/Content/PolygonHeist/Meshes/Items/SM_Item_Hair_Man_01.uasset" 323
"../../../../../../Users/Meitar/Documents/Unreal Projects/VRFinalProject/VR_Final_Project_v1/Content/ThirdPersonBP/Blueprints/ThirdPersonCharacter.uasset" 324
"../../../../../../Users/Meitar/Documents/Unreal Projects/VRFinalProject/VR_Final_Project_v1/Content/PolygonHeist/Materials/Mat_PolygonHeist_Swat_Goggles.uasset" 325
"../../../../../../Users/Meitar/Documents/Unreal Projects/VRFinalProject/VR_Final_Project_v1/Content/PolygonHeist/Meshes/Characters/SK_Character_Male_SWAT_01_PhysicsAsset.uasset" 326
"../../../../../../Users/Meitar/Documents/Unreal Projects/VRFinalProject/VR_Final_Project_v1/Content/PolygonHeist/Meshes/Characters/SK_Character_Male_SWAT_01.uasset" 327
"../../../../../../Users/Meitar/Documents/Unreal Projects/VRFinalProject/VR_Final_Project_v1/Content/sounds/Siren-SoundBible_com-1094437108.uasset" 328
"../../../../../../Users/Meitar/Documents/Unreal Projects/VRFinalProject/VR_Final_Project_v1/Content/Blueprints/cup_AI.uasset" 329
"../../../../../../Users/Meitar/Documents/Unreal Projects/VRFinalProject/VR_Final_Project_v1/Content/PolygonHeist/Meshes/Characters/SK_Character_Male_FBI_PhysicsAsset.uasset" 330
"../../../../../../Users/Meitar/Documents/Unreal Projects/VRFinalProject/VR_Final_Project_v1/Content/PolygonHeist/Meshes/Characters/SK_Character_Male_FBI.uasset" 331
"../../../../../../Users/Meitar/Documents/Unreal Projects/VRFinalProject/VR_Final_Project_v1/Content/Blueprints/guard.uasset" 332
"../../../../../../Users/Meitar/Documents/Unreal Projects/VRFinalProject/VR_Final_Project_v1/Content/PolygonSamurai/Textures/Tex_Samurai_Characters_Texture_White.uasset" 333
"../../../../../../Users/Meitar/Documents/Unreal Projects/VRFinalProject/VR_Final_Project_v1/Content/PolygonSamurai/Materials/Mat_PolygonSamurai_Character_White.uasset" 334
"../../../../../../Users/Meitar/Documents/Unreal Projects/VRFinalProject/VR_Final_Project_v1/Content/PolygonSamurai/Characters/SK_Character_Samurai_Geisha_01_PhysicsAsset.uasset" 335
"../../../../../../Users/Meitar/Documents/Unreal Projects/VRFinalProject/VR_Final_Project_v1/Content/PolygonSamurai/Characters/SK_Character_Samurai_Geisha_01.uasset" 336
"../../../../../../Users/Meitar/Documents/Unreal Projects/VRFinalProject/VR_Final_Project_v1/Content/ThirdPersonBP/Blueprints/ThirdPersonGameMode.uasset" 337
"../../Plugins/2D/Paper2D/Content/PlaceholderTextures/DummySpriteTexture.uasset" 338
"../../Plugins/2D/Paper2D/Content/DummySprite.uasset" 339
"../../Plugins/2D/Paper2D/Content/DefaultPaperTerrainMaterial.uasset" 340
"../../Plugins/2D/Paper2D/Content/DefaultSpriteMaterial.uasset" 341
"../../Plugins/2D/Paper2D/Content/MaskedUnlitSpriteMaterial.uasset" 342
"../../Plugins/2D/Paper2D/Content/OpaqueUnlitSpriteMaterial.uasset" 343
"../../Plugins/Enterprise/DatasmithContent/Content/Blueprints/FBXImporter/ArrayOfActor.uasset" 344
"../../Plugins/Enterprise/DatasmithContent/Content/Blueprints/FBXImporter/ArrayOfSwitch.uasset" 345
"../../Plugins/Enterprise/DatasmithContent/Content/Blueprints/FBXImporter/BP_SceneNode.uasset" 346
"../../Plugins/Enterprise/DatasmithContent/Content/Blueprints/FBXImporter/BP_Switch.uasset" 347
"../../Plugins/Enterprise/DatasmithContent/Content/Blueprints/FBXImporter/BP_SceneRoot.uasset" 348
"../../Plugins/Enterprise/DatasmithContent/Content/Blueprints/FBXImporter/FBXImporterUtils.uasset" 349
"../../Plugins/Enterprise/DatasmithContent/Content/Blueprints/FBXImporter/Animation/VREDAnimationTrackType.uasset" 350
"../../Plugins/Enterprise/DatasmithContent/Content/Blueprints/FBXImporter/Animation/VREDAnimCurveComponent.uasset" 351
"../../Plugins/Enterprise/DatasmithContent/Content/Blueprints/FBXImporter/Animation/VREDAnimCurveType.uasset" 352
"../../Plugins/Enterprise/DatasmithContent/Content/Blueprints/FBXImporter/Variants/VariantSwitchType.uasset" 353
"../../Plugins/Enterprise/DatasmithContent/Content/Blueprints/FBXImporter/Variants/VREDVariantSwitchType.uasset" 354
"../../Plugins/Enterprise/DatasmithContent/Content/Blueprints/FBXImporter/Variants/VREDVariantType.uasset" 355
"../../Plugins/Runtime/Oculus/OculusVR/Content/Materials/PokeAHoleMaterial.uasset" 356
"../../Plugins/Runtime/Oculus/OculusVR/Content/Textures/GearVRController_AO.uasset" 357
"../../Plugins/Runtime/Oculus/OculusVR/Content/Textures/GearVRController_Color.uasset" 358
"../../Plugins/Runtime/Oculus/OculusVR/Content/Textures/GearVRController_Normal.uasset" 359
"../../Plugins/Runtime/Oculus/OculusVR/Content/Materials/GearVRControllerMaterial.uasset" 360
"../../Plugins/Runtime/Oculus/OculusVR/Content/Meshes/GearVrController.uasset" 361
"../../Plugins/Runtime/Oculus/OculusVR/Content/Textures/touchController_albedo.uasset" 362
"../../Plugins/Runtime/Oculus/OculusVR/Content/Textures/touchController_controlmap.uasset" 363
"../../Plugins/Runtime/Oculus/OculusVR/Content/Materials/touchController_mat.uasset" 364
"../../Plugins/Runtime/Oculus/OculusVR/Content/Meshes/LeftTouchController.uasset" 365
"../../Plugins/Runtime/Oculus/OculusVR/Content/Meshes/RiftHMD.uasset" 366
"../../Plugins/Runtime/Oculus/OculusVR/Content/Meshes/RightTouchController.uasset" 367
"../../../Engine/Content/Maps/Entry_BuiltData.uasset" 368
"../../../Engine/Content/Maps/Entry.umap" 369
"../../../Engine/Content/EngineSky/C_Sky_Cloud_Color.uasset" 370
"../../../Engine/Content/EngineSky/C_Sky_Horizon_Color.uasset" 371
"../../../Engine/Content/EngineSky/C_Sky_Zenith_Color.uasset" 372
"../../../Engine/Content/EngineSky/T_Sky_Blue.uasset" 373
"../../../Engine/Content/EngineSky/T_Sky_Clouds_M.uasset" 374
"../../../Engine/Content/EngineSky/T_Sky_Stars.uasset" 375
"../../../Engine/Content/EngineSky/M_Sky_Panning_Clouds2.uasset" 376
"../../../Engine/Content/EngineSky/SM_SkySphere.uasset" 377
"../../../Engine/Content/EngineSky/BP_Sky_Sphere.uasset" 378
"../../../../../../Users/Meitar/Documents/Unreal Projects/VRFinalProject/VR_Final_Project_v1/Content/PolygonSamurai/Maps/Demonstration_BuiltData.uasset" 379
"../../../Engine/Content/BasicShapes/BasicShapeMaterial.uasset" 380
"../../../../../../Users/Meitar/Documents/Unreal Projects/VRFinalProject/VR_Final_Project_v1/Content/PolygonSamurai/Textures/Tex_PolygonSamurai_01.uasset" 381
"../../../../../../Users/Meitar/Documents/Unreal Projects/VRFinalProject/VR_Final_Project_v1/Content/PolygonSamurai/Materials/Mat_PolygonSamurai_01.uasset" 382
"../../../../../../Users/Meitar/Documents/Unreal Projects/VRFinalProject/VR_Final_Project_v1/Content/PolygonSamurai/Textures/Tex_PolygonSamurai_02.uasset" 383
"../../../../../../Users/Meitar/Documents/Unreal Projects/VRFinalProject/VR_Final_Project_v1/Content/PolygonSamurai/Materials/Mat_PolygonSamurai_02.uasset" 384
"../../../../../../Users/Meitar/Documents/Unreal Projects/VRFinalProject/VR_Final_Project_v1/Content/PolygonSamurai/Textures/Tex_PolygonSamurai_03.uasset" 385
"../../../../../../Users/Meitar/Documents/Unreal Projects/VRFinalProject/VR_Final_Project_v1/Content/PolygonSamurai/Materials/Mat_PolygonSamurai_03.uasset" 386
"../../../../../../Users/Meitar/Documents/Unreal Projects/VRFinalProject/VR_Final_Project_v1/Content/PolygonSamurai/Textures/Tex_PolygonSamurai_04.uasset" 387
"../../../../../../Users/Meitar/Documents/Unreal Projects/VRFinalProject/VR_Final_Project_v1/Content/PolygonSamurai/Materials/Mat_PolygonSamurai_04.uasset" 388
"../../../../../../Users/Meitar/Documents/Unreal Projects/VRFinalProject/VR_Final_Project_v1/Content/PolygonSamurai/Materials/Mat_PolygonSamurai_Cloud.uasset" 389
"../../../../../../Users/Meitar/Documents/Unreal Projects/VRFinalProject/VR_Final_Project_v1/Content/PolygonSamurai/Materials/Mat_PolygonSamurai_Water.uasset" 390
"../../../Engine/Content/BasicShapes/Sphere.uasset" 391
"../../../../../../Users/Meitar/Documents/Unreal Projects/VRFinalProject/VR_Final_Project_v1/Content/PolygonSamurai/Meshes/Buildings/SM_Bld_Base_Large_01.uasset" 392
"../../../../../../Users/Meitar/Documents/Unreal Projects/VRFinalProject/VR_Final_Project_v1/Content/PolygonSamurai/Meshes/Buildings/SM_Bld_Base_Large_03.uasset" 393
"../../../../../../Users/Meitar/Documents/Unreal Projects/VRFinalProject/VR_Final_Project_v1/Content/PolygonSamurai/Meshes/Buildings/SM_Bld_Base_Large_Door_01.uasset" 394
"../../../../../../Users/Meitar/Documents/Unreal Projects/VRFinalProject/VR_Final_Project_v1/Content/PolygonSamurai/Meshes/Buildings/SM_Bld_Base_Large_DoorWay_01.uasset" 395
"../../../../../../Users/Meitar/Documents/Unreal Projects/VRFinalProject/VR_Final_Project_v1/Content/PolygonSamurai/Meshes/Buildings/SM_Bld_Block_01.uasset" 396
"../../../../../../Users/Meitar/Documents/Unreal Projects/VRFinalProject/VR_Final_Project_v1/Content/PolygonSamurai/Meshes/Buildings/SM_Bld_Block_CornerPillar_01.uasset" 397
"../../../../../../Users/Meitar/Documents/Unreal Projects/VRFinalProject/VR_Final_Project_v1/Content/PolygonSamurai/Meshes/Buildings/SM_Bld_Block_Stairs_01.uasset" 398
"../../../../../../Users/Meitar/Documents/Unreal Projects/VRFinalProject/VR_Final_Project_v1/Content/PolygonSamurai/Meshes/Buildings/SM_Bld_Castle_Base_Large_Windows_01.uasset" 399
"../../../../../../Users/Meitar/Documents/Unreal Projects/VRFinalProject/VR_Final_Project_v1/Content/PolygonSamurai/Meshes/Buildings/SM_Bld_Castle_Base_Medium_Windows_01.uasset" 400
"../../../../../../Users/Meitar/Documents/Unreal Projects/VRFinalProject/VR_Final_Project_v1/Content/PolygonSamurai/Meshes/Buildings/SM_Bld_Castle_Base_Small_Windows_01.uasset" 401
"../../../../../../Users/Meitar/Documents/Unreal Projects/VRFinalProject/VR_Final_Project_v1/Content/PolygonSamurai/Meshes/Buildings/SM_Bld_Castle_Base_Top_01.uasset" 402
"../../../../../../Users/Meitar/Documents/Unreal Projects/VRFinalProject/VR_Final_Project_v1/Content/PolygonSamurai/Meshes/Buildings/SM_Bld_Castle_Gates_01.uasset" 403
"../../../../../../Users/Meitar/Documents/Unreal Projects/VRFinalProject/VR_Final_Project_v1/Content/PolygonSamurai/Meshes/Buildings/SM_Bld_Castle_Roof_Addon_01.uasset" 404
"../../../../../../Users/Meitar/Documents/Unreal Projects/VRFinalProject/VR_Final_Project_v1/Content/PolygonSamurai/Meshes/Buildings/SM_Bld_Castle_Roof_Addon_02.uasset" 405
"../../../../../../Users/Meitar/Documents/Unreal Projects/VRFinalProject/VR_Final_Project_v1/Content/PolygonSamurai/Meshes/Buildings/SM_Bld_Castle_Roof_Large_01.uasset" 406
"../../../../../../Users/Meitar/Documents/Unreal Projects/VRFinalProject/VR_Final_Project_v1/Content/PolygonSamurai/Meshes/Buildings/SM_Bld_Castle_Roof_Medium_01.uasset" 407
"../../../../../../Users/Meitar/Documents/Unreal Projects/VRFinalProject/VR_Final_Project_v1/Content/PolygonSamurai/Meshes/Buildings/SM_Bld_Castle_Roof_Small_01.uasset" 408
"../../../../../../Users/Meitar/Documents/Unreal Projects/VRFinalProject/VR_Final_Project_v1/Content/PolygonSamurai/Meshes/Buildings/SM_Bld_Castle_Roof_Top_01.uasset" 409
"../../../../../../Users/Meitar/Documents/Unreal Projects/VRFinalProject/VR_Final_Project_v1/Content/PolygonSamurai/Meshes/Buildings/SM_Bld_House_Addon_01.uasset" 410
"../../../../../../Users/Meitar/Documents/Unreal Projects/VRFinalProject/VR_Final_Project_v1/Content/PolygonSamurai/Meshes/Buildings/SM_Bld_House_Addon_02.uasset" 411
"../../../../../../Users/Meitar/Documents/Unreal Projects/VRFinalProject/VR_Final_Project_v1/Content/PolygonSamurai/Meshes/Buildings/SM_Bld_House_Addon_04.uasset" 412
"../../../../../../Users/Meitar/Documents/Unreal Projects/VRFinalProject/VR_Final_Project_v1/Content/PolygonSamurai/Meshes/Buildings/SM_Bld_House_Base_01.uasset" 413
"../../../../../../Users/Meitar/Documents/Unreal Projects/VRFinalProject/VR_Final_Project_v1/Content/PolygonSamurai/Meshes/Buildings/SM_Bld_House_Base_Extension_01.uasset" 414
"../../../../../../Users/Meitar/Documents/Unreal Projects/VRFinalProject/VR_Final_Project_v1/Content/PolygonSamurai/Meshes/Buildings/SM_Bld_House_Base_Long_01.uasset" 415
"../../../../../../Users/Meitar/Documents/Unreal Projects/VRFinalProject/VR_Final_Project_v1/Content/PolygonSamurai/Meshes/Buildings/SM_Bld_House_Base_Long_02.uasset" 416
"../../../../../../Users/Meitar/Documents/Unreal Projects/VRFinalProject/VR_Final_Project_v1/Content/PolygonSamurai/Meshes/Buildings/SM_Bld_House_Base_Long_Extension_01.uasset" 417
"../../../../../../Users/Meitar/Documents/Unreal Projects/VRFinalProject/VR_Final_Project_v1/Content/PolygonSamurai/Meshes/Buildings/SM_Bld_House_Door_02.uasset" 418
"../../../../../../Users/Meitar/Documents/Unreal Projects/VRFinalProject/VR_Final_Project_v1/Content/PolygonSamurai/Meshes/Buildings/SM_Bld_House_Roof_Long_Thatch_01.uasset" 419
"../../../../../../Users/Meitar/Documents/Unreal Projects/VRFinalProject/VR_Final_Project_v1/Content/PolygonSamurai/Meshes/Buildings/SM_Bld_House_Roof_Long_Wood_01.uasset" 420
"../../../../../../Users/Meitar/Documents/Unreal Projects/VRFinalProject/VR_Final_Project_v1/Content/PolygonSamurai/Meshes/Buildings/SM_Bld_House_Roof_Thatch_01.uasset" 421
"../../../../../../Users/Meitar/Documents/Unreal Projects/VRFinalProject/VR_Final_Project_v1/Content/PolygonSamurai/Meshes/Buildings/SM_Bld_House_Roof_Wood_01.uasset" 422
"../../../../../../Users/Meitar/Documents/Unreal Projects/VRFinalProject/VR_Final_Project_v1/Content/PolygonSamurai/Meshes/Buildings/SM_Bld_Platform_Large_01.uasset" 423
"../../../../../../Users/Meitar/Documents/Unreal Projects/VRFinalProject/VR_Final_Project_v1/Content/PolygonSamurai/Meshes/Buildings/SM_Bld_Platform_Large_Legs_01.uasset" 424
"../../../../../../Users/Meitar/Documents/Unreal Projects/VRFinalProject/VR_Final_Project_v1/Content/PolygonSamurai/Meshes/Buildings/SM_Bld_Platform_Medium_01.uasset" 425
"../../../../../../Users/Meitar/Documents/Unreal Projects/VRFinalProject/VR_Final_Project_v1/Content/PolygonSamurai/Meshes/Buildings/SM_Bld_Platform_Medium_02.uasset" 426
"../../../../../../Users/Meitar/Documents/Unreal Projects/VRFinalProject/VR_Final_Project_v1/Content/PolygonSamurai/Meshes/Buildings/SM_Bld_Platform_Medium_Legs_01.uasset" 427
"../../../../../../Users/Meitar/Documents/Unreal Projects/VRFinalProject/VR_Final_Project_v1/Content/PolygonSamurai/Meshes/Buildings/SM_Bld_Platform_Small_01.uasset" 428
"../../../../../../Users/Meitar/Documents/Unreal Projects/VRFinalProject/VR_Final_Project_v1/Content/PolygonSamurai/Meshes/Buildings/SM_Bld_Platform_Small_02.uasset" 429
"../../../../../../Users/Meitar/Documents/Unreal Projects/VRFinalProject/VR_Final_Project_v1/Content/PolygonSamurai/Meshes/Buildings/SM_Bld_Platform_Small_Legs_01.uasset" 430
"../../../../../../Users/Meitar/Documents/Unreal Projects/VRFinalProject/VR_Final_Project_v1/Content/PolygonSamurai/Meshes/Buildings/SM_Bld_Platform_Stairs_01.uasset" 431
"../../../../../../Users/Meitar/Documents/Unreal Projects/VRFinalProject/VR_Final_Project_v1/Content/PolygonSamurai/Meshes/Buildings/SM_Bld_Room_Long_01.uasset" 432
"../../../../../../Users/Meitar/Documents/Unreal Projects/VRFinalProject/VR_Final_Project_v1/Content/PolygonSamurai/Meshes/Buildings/SM_Bld_Room_Long_02.uasset" 433
"../../../../../../Users/Meitar/Documents/Unreal Projects/VRFinalProject/VR_Final_Project_v1/Content/PolygonSamurai/Meshes/Buildings/SM_Bld_Room_Long_03.uasset" 434
"../../../../../../Users/Meitar/Documents/Unreal Projects/VRFinalProject/VR_Final_Project_v1/Content/PolygonSamurai/Meshes/Buildings/SM_Bld_Temple_Base_Large_01.uasset" 435
"../../../../../../Users/Meitar/Documents/Unreal Projects/VRFinalProject/VR_Final_Project_v1/Content/PolygonSamurai/Meshes/Buildings/SM_Bld_Temple_Base_Medium_01.uasset" 436
"../../../../../../Users/Meitar/Documents/Unreal Projects/VRFinalProject/VR_Final_Project_v1/Content/PolygonSamurai/Meshes/Buildings/SM_Bld_Temple_Base_Small_01.uasset" 437
"../../../../../../Users/Meitar/Documents/Unreal Projects/VRFinalProject/VR_Final_Project_v1/Content/PolygonSamurai/Meshes/Buildings/SM_Bld_Temple_Door_01.uasset" 438
"../../../../../../Users/Meitar/Documents/Unreal Projects/VRFinalProject/VR_Final_Project_v1/Content/PolygonSamurai/Meshes/Buildings/SM_Bld_Temple_Door_02.uasset" 439
"../../../../../../Users/Meitar/Documents/Unreal Projects/VRFinalProject/VR_Final_Project_v1/Content/PolygonSamurai/Meshes/Buildings/SM_Bld_Temple_Roof_Addon_01.uasset" 440
"../../../../../../Users/Meitar/Documents/Unreal Projects/VRFinalProject/VR_Final_Project_v1/Content/PolygonSamurai/Meshes/Buildings/SM_Bld_Temple_Roof_Large_01.uasset" 441
"../../../../../../Users/Meitar/Documents/Unreal Projects/VRFinalProject/VR_Final_Project_v1/Content/PolygonSamurai/Meshes/Buildings/SM_Bld_Temple_Roof_Medium_01.uasset" 442
"../../../../../../Users/Meitar/Documents/Unreal Projects/VRFinalProject/VR_Final_Project_v1/Content/PolygonSamurai/Meshes/Buildings/SM_Bld_Temple_Roof_Small_01.uasset" 443
"../../../../../../Users/Meitar/Documents/Unreal Projects/VRFinalProject/VR_Final_Project_v1/Content/PolygonSamurai/Meshes/Buildings/SM_Bld_Temple_Roof_Small_02.uasset" 444
"../../../../../../Users/Meitar/Documents/Unreal Projects/VRFinalProject/VR_Final_Project_v1/Content/PolygonSamurai/Meshes/Buildings/SM_Bld_Temple_Roof_Tip_01.uasset" 445
"../../../../../../Users/Meitar/Documents/Unreal Projects/VRFinalProject/VR_Final_Project_v1/Content/PolygonSamurai/Meshes/Buildings/SM_Bld_Tower_01.uasset" 446
"../../../../../../Users/Meitar/Documents/Unreal Projects/VRFinalProject/VR_Final_Project_v1/Content/PolygonSamurai/Meshes/Buildings/SM_Bld_Tower_02.uasset" 447
"../../../../../../Users/Meitar/Documents/Unreal Projects/VRFinalProject/VR_Final_Project_v1/Content/PolygonSamurai/Meshes/Environment/SM_Env_Archway_01.uasset" 448
"../../../../../../Users/Meitar/Documents/Unreal Projects/VRFinalProject/VR_Final_Project_v1/Content/PolygonSamurai/Meshes/Environment/SM_Env_Bamboo_Group_01.uasset" 449
"../../../../../../Users/Meitar/Documents/Unreal Projects/VRFinalProject/VR_Final_Project_v1/Content/PolygonSamurai/Meshes/Environment/SM_Env_Bamboo_Group_02.uasset" 450
"../../../../../../Users/Meitar/Documents/Unreal Projects/VRFinalProject/VR_Final_Project_v1/Content/PolygonSamurai/Meshes/Environment/SM_Env_Bamboo_Group_03.uasset" 451
"../../../../../../Users/Meitar/Documents/Unreal Projects/VRFinalProject/VR_Final_Project_v1/Content/PolygonSamurai/Meshes/Environment/SM_Env_Bridge_02.uasset" 452
"../../../../../../Users/Meitar/Documents/Unreal Projects/VRFinalProject/VR_Final_Project_v1/Content/PolygonSamurai/Meshes/Environment/SM_Env_Bridge_03.uasset" 453
"../../../../../../Users/Meitar/Documents/Unreal Projects/VRFinalProject/VR_Final_Project_v1/Content/PolygonSamurai/Meshes/Environment/SM_Env_Bush_01.uasset" 454
"../../../../../../Users/Meitar/Documents/Unreal Projects/VRFinalProject/VR_Final_Project_v1/Content/PolygonSamurai/Meshes/Environment/SM_Env_Cliff_01.uasset" 455
"../../../../../../Users/Meitar/Documents/Unreal Projects/VRFinalProject/VR_Final_Project_v1/Content/PolygonSamurai/Meshes/Environment/SM_Env_Cliff_02.uasset" 456
"../../../../../../Users/Meitar/Documents/Unreal Projects/VRFinalProject/VR_Final_Project_v1/Content/PolygonSamurai/Meshes/Environment/SM_Env_Cloud_01.uasset" 457
"../../../../../../Users/Meitar/Documents/Unreal Projects/VRFinalProject/VR_Final_Project_v1/Content/PolygonSamurai/Meshes/Environment/SM_Env_Cloud_02.uasset" 458
"../../../../../../Users/Meitar/Documents/Unreal Projects/VRFinalProject/VR_Final_Project_v1/Content/PolygonSamurai/Meshes/Environment/SM_Env_Cloud_03.uasset" 459
"../../../../../../Users/Meitar/Documents/Unreal Projects/VRFinalProject/VR_Final_Project_v1/Content/PolygonSamurai/Meshes/Environment/SM_Env_CropRow_02.uasset" 460
"../../../../../../Users/Meitar/Documents/Unreal Projects/VRFinalProject/VR_Final_Project_v1/Content/PolygonSamurai/Meshes/Environment/SM_Env_CropRow_03.uasset" 461
"../../../../../../Users/Meitar/Documents/Unreal Projects/VRFinalProject/VR_Final_Project_v1/Content/PolygonSamurai/Meshes/Environment/SM_Env_DirtPath_02.uasset" 462
"../../../../../../Users/Meitar/Documents/Unreal Projects/VRFinalProject/VR_Final_Project_v1/Content/PolygonSamurai/Meshes/Environment/SM_Env_DirtPath_03.uasset" 463
"../../../../../../Users/Meitar/Documents/Unreal Projects/VRFinalProject/VR_Final_Project_v1/Content/PolygonSamurai/Meshes/Environment/SM_Env_Fence_01.uasset" 464
"../../../../../../Users/Meitar/Documents/Unreal Projects/VRFinalProject/VR_Final_Project_v1/Content/PolygonSamurai/Meshes/Environment/SM_Env_Fence_Post_01.uasset" 465
"../../../../../../Users/Meitar/Documents/Unreal Projects/VRFinalProject/VR_Final_Project_v1/Content/PolygonSamurai/Meshes/Environment/SM_Env_Flowers_01.uasset" 466
"../../../../../../Users/Meitar/Documents/Unreal Projects/VRFinalProject/VR_Final_Project_v1/Content/PolygonSamurai/Meshes/Environment/SM_Env_Flowers_02.uasset" 467
"../../../../../../Users/Meitar/Documents/Unreal Projects/VRFinalProject/VR_Final_Project_v1/Content/PolygonSamurai/Meshes/Environment/SM_Env_Fuji_01.uasset" 468
"../../../../../../Users/Meitar/Documents/Unreal Projects/VRFinalProject/VR_Final_Project_v1/Content/PolygonSamurai/Meshes/Environment/SM_Env_GroundMound_01.uasset" 469
"../../../../../../Users/Meitar/Documents/Unreal Projects/VRFinalProject/VR_Final_Project_v1/Content/PolygonSamurai/Meshes/Environment/SM_Env_GroundMound_02.uasset" 470
"../../../../../../Users/Meitar/Documents/Unreal Projects/VRFinalProject/VR_Final_Project_v1/Content/PolygonSamurai/Meshes/Environment/SM_Env_GroundMound_03.uasset" 471
"../../../../../../Users/Meitar/Documents/Unreal Projects/VRFinalProject/VR_Final_Project_v1/Content/PolygonSamurai/Meshes/Environment/SM_Env_GroundMound_Fuji_01.uasset" 472
"../../../../../../Users/Meitar/Documents/Unreal Projects/VRFinalProject/VR_Final_Project_v1/Content/PolygonSamurai/Meshes/Environment/SM_Env_Hill_Cascade_01.uasset" 473
"../../../../../../Users/Meitar/Documents/Unreal Projects/VRFinalProject/VR_Final_Project_v1/Content/PolygonSamurai/Meshes/Environment/SM_Env_Hill_Cascade_02.uasset" 474
"../../../../../../Users/Meitar/Documents/Unreal Projects/VRFinalProject/VR_Final_Project_v1/Content/PolygonSamurai/Meshes/Environment/SM_Env_Hill_Cascade_03.uasset" 475
"../../../../../../Users/Meitar/Documents/Unreal Projects/VRFinalProject/VR_Final_Project_v1/Content/PolygonSamurai/Meshes/Environment/SM_Env_Lillypad_Large_01.uasset" 476
"../../../../../../Users/Meitar/Documents/Unreal Projects/VRFinalProject/VR_Final_Project_v1/Content/PolygonSamurai/Meshes/Environment/SM_Env_Lillypad_Large_02.uasset" 477
"../../../../../../Users/Meitar/Documents/Unreal Projects/VRFinalProject/VR_Final_Project_v1/Content/PolygonSamurai/Meshes/Environment/SM_Env_Lillypad_Large_03.uasset" 478
"../../../../../../Users/Meitar/Documents/Unreal Projects/VRFinalProject/VR_Final_Project_v1/Content/PolygonSamurai/Meshes/Environment/SM_Env_Lillypad_Small_01.uasset" 479
"../../../../../../Users/Meitar/Documents/Unreal Projects/VRFinalProject/VR_Final_Project_v1/Content/PolygonSamurai/Meshes/Environment/SM_Env_Path_Straight_01.uasset" 480
"../../../../../../Users/Meitar/Documents/Unreal Projects/VRFinalProject/VR_Final_Project_v1/Content/PolygonSamurai/Meshes/Environment/SM_Env_Path_Straight_02.uasset" 481
"../../../../../../Users/Meitar/Documents/Unreal Projects/VRFinalProject/VR_Final_Project_v1/Content/PolygonSamurai/Meshes/Environment/SM_Env_Plant_01.uasset" 482
"../../../../../../Users/Meitar/Documents/Unreal Projects/VRFinalProject/VR_Final_Project_v1/Content/PolygonSamurai/Meshes/Environment/SM_Env_Plant_02.uasset" 483
"../../../../../../Users/Meitar/Documents/Unreal Projects/VRFinalProject/VR_Final_Project_v1/Content/PolygonSamurai/Meshes/Environment/SM_Env_PondEdge_01.uasset" 484
"../../../../../../Users/Meitar/Documents/Unreal Projects/VRFinalProject/VR_Final_Project_v1/Content/PolygonSamurai/Meshes/Environment/SM_Env_PondEdge_02.uasset" 485
"../../../../../../Users/Meitar/Documents/Unreal Projects/VRFinalProject/VR_Final_Project_v1/Content/PolygonSamurai/Meshes/Environment/SM_Env_PondEdge_03.uasset" 486
"../../../../../../Users/Meitar/Documents/Unreal Projects/VRFinalProject/VR_Final_Project_v1/Content/PolygonSamurai/Meshes/Environment/SM_Env_PondGround_01.uasset" 487
"../../../../../../Users/Meitar/Documents/Unreal Projects/VRFinalProject/VR_Final_Project_v1/Content/PolygonSamurai/Meshes/Environment/SM_Env_PondGround_02.uasset" 488
"../../../../../../Users/Meitar/Documents/Unreal Projects/VRFinalProject/VR_Final_Project_v1/Content/PolygonSamurai/Meshes/Environment/SM_Env_RicePlant_01.uasset" 489
"../../../../../../Users/Meitar/Documents/Unreal Projects/VRFinalProject/VR_Final_Project_v1/Content/PolygonSamurai/Meshes/Environment/SM_Env_RicePlant_02.uasset" 490
"../../../../../../Users/Meitar/Documents/Unreal Projects/VRFinalProject/VR_Final_Project_v1/Content/PolygonSamurai/Meshes/Environment/SM_Env_Rock_01.uasset" 491
"../../../../../../Users/Meitar/Documents/Unreal Projects/VRFinalProject/VR_Final_Project_v1/Content/PolygonSamurai/Meshes/Environment/SM_Env_Rock_02.uasset" 492
"../../../../../../Users/Meitar/Documents/Unreal Projects/VRFinalProject/VR_Final_Project_v1/Content/PolygonSamurai/Meshes/Environment/SM_Env_Rock_03.uasset" 493
"../../../../../../Users/Meitar/Documents/Unreal Projects/VRFinalProject/VR_Final_Project_v1/Content/PolygonSamurai/Meshes/Environment/SM_Env_Rock_Large_04.uasset" 494
"../../../../../../Users/Meitar/Documents/Unreal Projects/VRFinalProject/VR_Final_Project_v1/Content/PolygonSamurai/Meshes/Environment/SM_Env_SteppingStone_02.uasset" 495
"../../../../../../Users/Meitar/Documents/Unreal Projects/VRFinalProject/VR_Final_Project_v1/Content/PolygonSamurai/Meshes/Environment/SM_Env_SteppingStone_03.uasset" 496
"../../../../../../Users/Meitar/Documents/Unreal Projects/VRFinalProject/VR_Final_Project_v1/Content/PolygonSamurai/Meshes/Environment/SM_Env_SteppingStone_04.uasset" 497
"../../../../../../Users/Meitar/Documents/Unreal Projects/VRFinalProject/VR_Final_Project_v1/Content/PolygonSamurai/Meshes/Environment/SM_Env_Tile_Dirt_01.uasset" 498
"../../../../../../Users/Meitar/Documents/Unreal Projects/VRFinalProject/VR_Final_Project_v1/Content/PolygonSamurai/Meshes/Environment/SM_Env_Tile_Grass_01.uasset" 499
"../../../../../../Users/Meitar/Documents/Unreal Projects/VRFinalProject/VR_Final_Project_v1/Content/PolygonSamurai/Meshes/Environment/SM_Env_Tile_Zen_01.uasset" 500
"../../../../../../Users/Meitar/Documents/Unreal Projects/VRFinalProject/VR_Final_Project_v1/Content/PolygonSamurai/Meshes/Environment/SM_Env_Tile_Zen_02.uasset" 501
"../../../../../../Users/Meitar/Documents/Unreal Projects/VRFinalProject/VR_Final_Project_v1/Content/PolygonSamurai/Meshes/Environment/SM_Env_Tree_01.uasset" 502
"../../../../../../Users/Meitar/Documents/Unreal Projects/VRFinalProject/VR_Final_Project_v1/Content/PolygonSamurai/Meshes/Environment/SM_Env_Tree_02.uasset" 503
"../../../../../../Users/Meitar/Documents/Unreal Projects/VRFinalProject/VR_Final_Project_v1/Content/PolygonSamurai/Meshes/Environment/SM_Env_Tree_03.uasset" 504
"../../../../../../Users/Meitar/Documents/Unreal Projects/VRFinalProject/VR_Final_Project_v1/Content/PolygonSamurai/Meshes/Environment/SM_Env_Tree_04.uasset" 505
"../../../../../../Users/Meitar/Documents/Unreal Projects/VRFinalProject/VR_Final_Project_v1/Content/PolygonSamurai/Meshes/Environment/SM_Env_Tulips_01.uasset" 506
"../../../../../../Users/Meitar/Documents/Unreal Projects/VRFinalProject/VR_Final_Project_v1/Content/PolygonSamurai/Meshes/Environment/SM_Env_Tulips_02.uasset" 507
"../../../../../../Users/Meitar/Documents/Unreal Projects/VRFinalProject/VR_Final_Project_v1/Content/PolygonSamurai/Meshes/Environment/SM_Env_WoodEdge_Corner_01.uasset" 508
"../../../../../../Users/Meitar/Documents/Unreal Projects/VRFinalProject/VR_Final_Project_v1/Content/PolygonSamurai/Meshes/Environment/SM_Env_WoodEdge_Straight_01.uasset" 509
"../../../../../../Users/Meitar/Documents/Unreal Projects/VRFinalProject/VR_Final_Project_v1/Content/PolygonSamurai/Meshes/Environment/SM_Env_Zen_Rock_01.uasset" 510
"../../../../../../Users/Meitar/Documents/Unreal Projects/VRFinalProject/VR_Final_Project_v1/Content/PolygonSamurai/Meshes/Environment/SM_Env_Zen_Rock_02.uasset" 511
"../../../../../../Users/Meitar/Documents/Unreal Projects/VRFinalProject/VR_Final_Project_v1/Content/PolygonSamurai/Meshes/Props/SM_Prop_Bamboo_Pole_02.uasset" 512
"../../../../../../Users/Meitar/Documents/Unreal Projects/VRFinalProject/VR_Final_Project_v1/Content/PolygonSamurai/Meshes/Props/SM_Prop_Basket_Rice_01.uasset" 513
"../../../../../../Users/Meitar/Documents/Unreal Projects/VRFinalProject/VR_Final_Project_v1/Content/PolygonSamurai/Meshes/Props/SM_Prop_Bucket_01.uasset" 514
"../../../../../../Users/Meitar/Documents/Unreal Projects/VRFinalProject/VR_Final_Project_v1/Content/PolygonSamurai/Meshes/Props/SM_Prop_Bucket_02.uasset" 515
"../../../../../../Users/Meitar/Documents/Unreal Projects/VRFinalProject/VR_Final_Project_v1/Content/PolygonSamurai/Meshes/Props/SM_Prop_Fence_Simple_Straight_01.uasset" 516
"../../../../../../Users/Meitar/Documents/Unreal Projects/VRFinalProject/VR_Final_Project_v1/Content/PolygonSamurai/Meshes/Props/SM_Prop_Flag_01.uasset" 517
"../../../../../../Users/Meitar/Documents/Unreal Projects/VRFinalProject/VR_Final_Project_v1/Content/PolygonSamurai/Meshes/Props/SM_Prop_Flag_03.uasset" 518
"../../../../../../Users/Meitar/Documents/Unreal Projects/VRFinalProject/VR_Final_Project_v1/Content/PolygonSamurai/Meshes/Props/SM_Prop_Flag_04.uasset" 519
"../../../../../../Users/Meitar/Documents/Unreal Projects/VRFinalProject/VR_Final_Project_v1/Content/PolygonSamurai/Meshes/Props/SM_Prop_Gong_01.uasset" 520
"../../../../../../Users/Meitar/Documents/Unreal Projects/VRFinalProject/VR_Final_Project_v1/Content/PolygonSamurai/Meshes/Props/SM_Prop_Paper_Lantern_02.uasset" 521
"../../../../../../Users/Meitar/Documents/Unreal Projects/VRFinalProject/VR_Final_Project_v1/Content/PolygonSamurai/Meshes/Props/SM_Prop_Pot_01.uasset" 522
"../../../../../../Users/Meitar/Documents/Unreal Projects/VRFinalProject/VR_Final_Project_v1/Content/PolygonSamurai/Meshes/Props/SM_Prop_Pot_02.uasset" 523
"../../../../../../Users/Meitar/Documents/Unreal Projects/VRFinalProject/VR_Final_Project_v1/Content/PolygonSamurai/Meshes/Props/SM_Prop_Pot_03.uasset" 524
"../../../../../../Users/Meitar/Documents/Unreal Projects/VRFinalProject/VR_Final_Project_v1/Content/PolygonSamurai/Meshes/Props/SM_Prop_Rope_01.uasset" 525
"../../../../../../Users/Meitar/Documents/Unreal Projects/VRFinalProject/VR_Final_Project_v1/Content/PolygonSamurai/Meshes/Props/SM_Prop_Shamisen_01.uasset" 526
"../../../../../../Users/Meitar/Documents/Unreal Projects/VRFinalProject/VR_Final_Project_v1/Content/PolygonSamurai/Meshes/Props/SM_Prop_Statue_Lion_02.uasset" 527
"../../../../../../Users/Meitar/Documents/Unreal Projects/VRFinalProject/VR_Final_Project_v1/Content/PolygonSamurai/Meshes/Props/SM_Prop_Stone_Lantern_01.uasset" 528
"../../../../../../Users/Meitar/Documents/Unreal Projects/VRFinalProject/VR_Final_Project_v1/Content/PolygonSamurai/Meshes/Props/SM_Prop_Stone_Lantern_02.uasset" 529
"../../../../../../Users/Meitar/Documents/Unreal Projects/VRFinalProject/VR_Final_Project_v1/Content/PolygonSamurai/Meshes/Props/SM_Prop_StoneBrazier_01.uasset" 530
"../../../../../../Users/Meitar/Documents/Unreal Projects/VRFinalProject/VR_Final_Project_v1/Content/PolygonSamurai/Meshes/Props/SM_Prop_StoneBrazier_02.uasset" 531
"../../../../../../Users/Meitar/Documents/Unreal Projects/VRFinalProject/VR_Final_Project_v1/Content/PolygonSamurai/Meshes/Props/SM_Prop_StoneCircle_01.uasset" 532
"../../../../../../Users/Meitar/Documents/Unreal Projects/VRFinalProject/VR_Final_Project_v1/Content/PolygonSamurai/Meshes/Props/SM_Prop_Table_01.uasset" 533
"../../../../../../Users/Meitar/Documents/Unreal Projects/VRFinalProject/VR_Final_Project_v1/Content/PolygonSamurai/Meshes/Props/SM_Prop_Table_02.uasset" 534
"../../../../../../Users/Meitar/Documents/Unreal Projects/VRFinalProject/VR_Final_Project_v1/Content/PolygonSamurai/Meshes/Props/SM_Prop_Training_Pole_01.uasset" 535
"../../../../../../Users/Meitar/Documents/Unreal Projects/VRFinalProject/VR_Final_Project_v1/Content/PolygonSamurai/Meshes/Props/SM_Prop_Vegetables_01.uasset" 536
"../../../../../../Users/Meitar/Documents/Unreal Projects/VRFinalProject/VR_Final_Project_v1/Content/PolygonSamurai/Meshes/Props/SM_Prop_Vegetables_02.uasset" 537
"../../../../../../Users/Meitar/Documents/Unreal Projects/VRFinalProject/VR_Final_Project_v1/Content/PolygonSamurai/Meshes/Props/SM_Prop_Vegetables_04.uasset" 538
"../../../../../../Users/Meitar/Documents/Unreal Projects/VRFinalProject/VR_Final_Project_v1/Content/PolygonSamurai/Meshes/Props/SM_Prop_Vegetables_05.uasset" 539
"../../../../../../Users/Meitar/Documents/Unreal Projects/VRFinalProject/VR_Final_Project_v1/Content/PolygonSamurai/Meshes/Props/SM_Prop_Zen_Bamboo_01.uasset" 540
"../../../../../../Users/Meitar/Documents/Unreal Projects/VRFinalProject/VR_Final_Project_v1/Content/PolygonSamurai/Meshes/Props/SM_Prop_Zen_Lantern_01.uasset" 541
"../../../../../../Users/Meitar/Documents/Unreal Projects/VRFinalProject/VR_Final_Project_v1/Content/PolygonSamurai/Materials/Mat_FX_Blossom.uasset" 542
"../../../../../../Users/Meitar/Documents/Unreal Projects/VRFinalProject/VR_Final_Project_v1/Content/PolygonSamurai/ParticleFX/FX_Blossom.uasset" 543
"../../../../../../Users/Meitar/Documents/Unreal Projects/VRFinalProject/VR_Final_Project_v1/Content/PolygonSamurai/Materials/Mat_FX_Fire.uasset" 544
"../../../../../../Users/Meitar/Documents/Unreal Projects/VRFinalProject/VR_Final_Project_v1/Content/PolygonSamurai/ParticleFX/FX_Fire.uasset" 545
"../../../../../../Users/Meitar/Documents/Unreal Projects/VRFinalProject/VR_Final_Project_v1/Content/PolygonSamurai/Maps/Demonstration.umap" 546
"../../../../../../Users/Meitar/Documents/Unreal Projects/VRFinalProject/VR_Final_Project_v1/Content/ThirdPersonBP/Maps/ThirdPersonExampleMap_BuiltData.uasset" 547
"../../../../../../Users/Meitar/Documents/Unreal Projects/VRFinalProject/VR_Final_Project_v1/Content/Geometry/Meshes/CubeMaterial.uasset" 548
"../../../../../../Users/Meitar/Documents/Unreal Projects/VRFinalProject/VR_Final_Project_v1/Content/Geometry/Meshes/1M_Cube.uasset" 549
"../../../../../../Users/Meitar/Documents/Unreal Projects/VRFinalProject/VR_Final_Project_v1/Content/Geometry/Meshes/1M_Cube_Chamfer.uasset" 550
"../../../../../../Users/Meitar/Documents/Unreal Projects/VRFinalProject/VR_Final_Project_v1/Content/Geometry/Meshes/TemplateFloor.uasset" 551
"../../../../../../Users/Meitar/Documents/Unreal Projects/VRFinalProject/VR_Final_Project_v1/Content/ThirdPerson/Meshes/RampMaterial.uasset" 552
"../../../../../../Users/Meitar/Documents/Unreal Projects/VRFinalProject/VR_Final_Project_v1/Content/ThirdPerson/Meshes/Bump_StaticMesh.uasset" 553
"../../../../../../Users/Meitar/Documents/Unreal Projects/VRFinalProject/VR_Final_Project_v1/Content/ThirdPerson/Meshes/LeftArm_StaticMesh.uasset" 554
"../../../../../../Users/Meitar/Documents/Unreal Projects/VRFinalProject/VR_Final_Project_v1/Content/ThirdPerson/Meshes/Linear_Stair_StaticMesh.uasset" 555
"../../../../../../Users/Meitar/Documents/Unreal Projects/VRFinalProject/VR_Final_Project_v1/Content/ThirdPerson/Meshes/Ramp_StaticMesh.uasset" 556
"../../../../../../Users/Meitar/Documents/Unreal Projects/VRFinalProject/VR_Final_Project_v1/Content/ThirdPerson/Meshes/RightArm_StaticMesh.uasset" 557
"../../../../../../Users/Meitar/Documents/Unreal Projects/VRFinalProject/VR_Final_Project_v1/Content/ThirdPersonBP/Maps/ThirdPersonExampleMap.umap" 558
